
> react-typescript-starter@0.1.0 test
> react-scripts test "--coverage"

FAIL src/App.test.tsx
  ● There is a button labeled Welcome!

    TestingLibraryElementError: Unable to find an accessible element with the role "button" and name `/Welcome!/i`

    There are no accessible roles. But there might be some inaccessible roles. If you wish to access them, then set the `hidden` option to `true`. Learn more about this here: https://testing-library.com/docs/dom-testing-library/api-queries#byrole

    Ignored nodes: comments, <script />, <style />
    [36m<body />[39m

      12 |
      13 | test("There is a button labeled Welcome!", () => {
    > 14 |     const EditButton = screen.getByRole("button", {
         |                               ^
      15 |         name: /Welcome!/i
      16 |     });
      17 |     expect(EditButton).toBeInTheDocument();

      at Object.getElementError (node_modules/@testing-library/dom/dist/config.js:38:19)
      at node_modules/@testing-library/dom/dist/query-helpers.js:90:38
      at node_modules/@testing-library/dom/dist/query-helpers.js:62:17
      at getByRole (node_modules/@testing-library/dom/dist/query-helpers.js:111:19)
      at Object.<anonymous> (src/App.test.tsx:14:31)

  ● Clearing the plan works

    TypeError: Cannot read properties of undefined (reading 'click')

      21 |     const [, second, third, fourth, fifth, , clear] =
      22 |         screen.queryAllByRole("button");
    > 23 |     third.click();
         |           ^
      24 |     second.click();
      25 |     fifth.click();
      26 |     let currentPlan = screen.queryAllByRole("listitem");

      at Object.<anonymous> (src/App.test.tsx:23:11)

PASS src/components/modal/courseEditor.test.tsx
PASS src/components/editor/semesterEditor.test.tsx
-------------------------|---------|----------|---------|---------|--------------------
File                     | % Stmts | % Branch | % Funcs | % Lines | Uncovered Line #s  
-------------------------|---------|----------|---------|---------|--------------------
All files                |   15.86 |       10 |    6.08 |   16.83 |                    
 src                     |   45.71 |       25 |   23.52 |      50 |                    
  App.tsx                |   45.71 |       25 |   23.52 |      50 | 37,51-83,90,125    
 src/components          |    5.71 |        0 |    5.55 |    6.06 |                    
  NavbarFeature.tsx      |       0 |      100 |       0 |       0 | 5                  
  coursePool.tsx         |    8.69 |        0 |    7.69 |    9.52 | 18-122             
  importCSV.tsx          |       0 |        0 |       0 |       0 | 5-30               
 src/components/editor   |      20 |      100 |    9.09 |      20 |                    
  planEditor.tsx         |       0 |      100 |       0 |       0 | 16-54              
  semesterEditor.tsx     |   33.33 |      100 |   16.66 |   33.33 | 22-32,49-75        
 src/components/modal    |   21.42 |      100 |    3.33 |   22.22 |                    
  courseAddModal.tsx     |       0 |      100 |       0 |       0 | 14-105             
  courseEditorModal.tsx  |    38.7 |      100 |    6.25 |   41.37 | 27-28,38-58,80-216 
  planAddModal.tsx       |       0 |      100 |       0 |       0 | 14-40              
  semesterAddModal.tsx   |       0 |      100 |       0 |       0 | 14-71              
 src/components/viewlist |       0 |        0 |       0 |       0 |                    
  courseList.tsx         |       0 |      100 |       0 |       0 | 19-33              
  planList.tsx           |       0 |      100 |       0 |       0 | 15-18              
  planView.tsx           |       0 |        0 |       0 |       0 | 19-121             
  semesterList.tsx       |       0 |      100 |       0 |       0 | 15-20              
  semesterView.tsx       |       0 |        0 |       0 |       0 | 19-155             
 src/interfaces          |       0 |        0 |       0 |       0 |                    
  course.ts              |       0 |        0 |       0 |       0 |                    
  plan.ts                |       0 |        0 |       0 |       0 |                    
  semester.ts            |       0 |        0 |       0 |       0 |                    
-------------------------|---------|----------|---------|---------|--------------------

Test Suites: 1 failed, 2 passed, 3 total
Tests:       2 failed, 3 passed, 5 total
Snapshots:   0 total
Time:        3.896 s
Ran all test suites.
